<?xml version="1.0" encoding="UTF-8"?>
<!-- Generated by org.testng.reporters.JUnitXMLReporter -->
<testsuite hostname="LAPTOP-LCV9OEAB" ignored="0" name="Default test(failed)" tests="3" failures="0" timestamp="17 Aug 2021 03:59:27 GMT" time="17.176" errors="0">
  <testcase name="verifylistofSections" time="0.18" classname="com.qa.proj.tests.AccountsPageTest"/>
  <testcase name="verifylistofsubSections" time="0.497" classname="com.qa.proj.tests.AccountsPageTest"/>
  <testcase name="verifyNewsletterSubscription" time="1.272" classname="com.qa.proj.tests.AccountsPageTest"/>
</testsuite> <!-- Default test(failed) -->
