<?xml version="1.0" encoding="UTF-8"?>
<!-- Generated by org.testng.reporters.JUnitXMLReporter -->
<testsuite hostname="LAPTOP-LCV9OEAB" ignored="0" name="Surefire test" tests="7" failures="0" timestamp="14 Sep 2021 18:26:15 GMT" time="47.163" errors="0">
  <testcase name="verifylistofSections" time="0.132" classname="com.qa.proj.tests.AccountsPageTest"/>
  <testcase name="verifylistofSortByDropdown" time="6.796" classname="com.qa.proj.tests.ProductCategoryPageTest"/>
  <testcase name="verifyCheckOut" time="6.747" classname="com.qa.proj.tests.ShoppingCartPageTest"/>
  <testcase name="verifylistofsubSections" time="0.542" classname="com.qa.proj.tests.AccountsPageTest"/>
  <testcase name="verifyNewsletterSubscription" time="1.141" classname="com.qa.proj.tests.AccountsPageTest"/>
  <testcase name="verifyLoginPageTiltleTest" time="0.009" classname="com.qa.proj.tests.LoginPageTest"/>
  <testcase name="verifyDesktopMenu" time="0.036" classname="com.qa.proj.tests.LoginPageTest"/>
</testsuite> <!-- Surefire test -->
