<?xml version="1.0" encoding="UTF-8"?>
<!-- Generated by org.testng.reporters.JUnitXMLReporter -->
<testsuite hostname="LAPTOP-LCV9OEAB" ignored="0" name="Surefire test" tests="7" failures="0" timestamp="17 Aug 2021 00:24:02 GMT" time="50.097" errors="0">
  <testcase name="verifylistofSections" time="0.114" classname="com.qa.proj.tests.AccountsPageTest"/>
  <testcase name="verifylistofSortByDropdown" time="7.171" classname="com.qa.proj.tests.ProductCategoryPageTest"/>
  <testcase name="verifyCheckOut" time="6.958" classname="com.qa.proj.tests.ShoppingCartPageTest"/>
  <testcase name="verifylistofsubSections" time="0.493" classname="com.qa.proj.tests.AccountsPageTest"/>
  <testcase name="verifyNewsletterSubscription" time="1.205" classname="com.qa.proj.tests.AccountsPageTest"/>
  <testcase name="verifyLoginPageTiltleTest" time="0.006" classname="com.qa.proj.tests.LoginPageTest"/>
  <testcase name="verifyDesktopMenu" time="0.026" classname="com.qa.proj.tests.LoginPageTest"/>
</testsuite> <!-- Surefire test -->
