<?xml version="1.0" encoding="UTF-8"?>
<testng-results skipped="0" failed="0" ignored="0" total="7" passed="7">
  <reporter-output>
  </reporter-output>
  <suite name="Surefire suite" duration-ms="47163" started-at="2021-09-14T18:25:28Z" finished-at="2021-09-14T18:26:15Z">
    <groups>
    </groups>
    <test name="Surefire test" duration-ms="47163" started-at="2021-09-14T18:25:28Z" finished-at="2021-09-14T18:26:15Z">
      <class name="com.qa.proj.tests.AccountsPageTest">
        <test-method status="PASS" signature="SetUp()[pri:0, instance:com.qa.proj.tests.AccountsPageTest@4157f54e]" name="SetUp" is-config="true" duration-ms="3880" started-at="2021-09-14T18:25:28Z" finished-at="2021-09-14T18:25:32Z">
          <reporter-output>
          </reporter-output>
        </test-method> <!-- SetUp -->
        <test-method status="PASS" signature="AccountsPageTestSetUp()[pri:0, instance:com.qa.proj.tests.AccountsPageTest@4157f54e]" name="AccountsPageTestSetUp" is-config="true" duration-ms="1179" started-at="2021-09-14T18:25:32Z" finished-at="2021-09-14T18:25:33Z">
          <reporter-output>
          </reporter-output>
        </test-method> <!-- AccountsPageTestSetUp -->
        <test-method status="PASS" signature="verifylistofSections()[pri:0, instance:com.qa.proj.tests.AccountsPageTest@4157f54e]" name="verifylistofSections" duration-ms="132" started-at="2021-09-14T18:25:33Z" finished-at="2021-09-14T18:25:33Z">
          <reporter-output>
          </reporter-output>
        </test-method> <!-- verifylistofSections -->
        <test-method status="PASS" signature="LogoutPageTestSetUp()[pri:0, instance:com.qa.proj.tests.AccountsPageTest@4157f54e]" name="LogoutPageTestSetUp" is-config="true" duration-ms="2350" started-at="2021-09-14T18:25:33Z" finished-at="2021-09-14T18:25:36Z">
          <reporter-output>
          </reporter-output>
        </test-method> <!-- LogoutPageTestSetUp -->
        <test-method status="PASS" signature="AccountsPageTestSetUp()[pri:0, instance:com.qa.proj.tests.AccountsPageTest@4157f54e]" name="AccountsPageTestSetUp" is-config="true" duration-ms="1218" started-at="2021-09-14T18:26:00Z" finished-at="2021-09-14T18:26:01Z">
          <reporter-output>
          </reporter-output>
        </test-method> <!-- AccountsPageTestSetUp -->
        <test-method status="PASS" signature="verifylistofsubSections()[pri:1, instance:com.qa.proj.tests.AccountsPageTest@4157f54e]" name="verifylistofsubSections" duration-ms="542" started-at="2021-09-14T18:26:01Z" finished-at="2021-09-14T18:26:02Z">
          <reporter-output>
          </reporter-output>
        </test-method> <!-- verifylistofsubSections -->
        <test-method status="PASS" signature="LogoutPageTestSetUp()[pri:0, instance:com.qa.proj.tests.AccountsPageTest@4157f54e]" name="LogoutPageTestSetUp" is-config="true" duration-ms="1481" started-at="2021-09-14T18:26:02Z" finished-at="2021-09-14T18:26:03Z">
          <reporter-output>
          </reporter-output>
        </test-method> <!-- LogoutPageTestSetUp -->
        <test-method status="PASS" signature="AccountsPageTestSetUp()[pri:0, instance:com.qa.proj.tests.AccountsPageTest@4157f54e]" name="AccountsPageTestSetUp" is-config="true" duration-ms="1173" started-at="2021-09-14T18:26:03Z" finished-at="2021-09-14T18:26:04Z">
          <reporter-output>
          </reporter-output>
        </test-method> <!-- AccountsPageTestSetUp -->
        <test-method status="PASS" signature="verifyNewsletterSubscription()[pri:2, instance:com.qa.proj.tests.AccountsPageTest@4157f54e]" name="verifyNewsletterSubscription" duration-ms="1141" started-at="2021-09-14T18:26:04Z" finished-at="2021-09-14T18:26:05Z">
          <reporter-output>
          </reporter-output>
        </test-method> <!-- verifyNewsletterSubscription -->
        <test-method status="PASS" signature="LogoutPageTestSetUp()[pri:0, instance:com.qa.proj.tests.AccountsPageTest@4157f54e]" name="LogoutPageTestSetUp" is-config="true" duration-ms="1417" started-at="2021-09-14T18:26:05Z" finished-at="2021-09-14T18:26:07Z">
          <reporter-output>
          </reporter-output>
        </test-method> <!-- LogoutPageTestSetUp -->
        <test-method status="PASS" signature="TearDown()[pri:0, instance:com.qa.proj.tests.AccountsPageTest@4157f54e]" name="TearDown" is-config="true" duration-ms="635" started-at="2021-09-14T18:26:07Z" finished-at="2021-09-14T18:26:07Z">
          <reporter-output>
          </reporter-output>
        </test-method> <!-- TearDown -->
      </class> <!-- com.qa.proj.tests.AccountsPageTest -->
      <class name="com.qa.proj.tests.ShoppingCartPageTest">
        <test-method status="PASS" signature="SetUp()[pri:0, instance:com.qa.proj.tests.ShoppingCartPageTest@15975490]" name="SetUp" is-config="true" duration-ms="1942" started-at="2021-09-14T18:25:48Z" finished-at="2021-09-14T18:25:50Z">
          <reporter-output>
          </reporter-output>
        </test-method> <!-- SetUp -->
        <test-method status="PASS" signature="ShoppingCartPageTestSetUp()[pri:0, instance:com.qa.proj.tests.ShoppingCartPageTest@15975490]" name="ShoppingCartPageTestSetUp" is-config="true" duration-ms="1164" started-at="2021-09-14T18:25:50Z" finished-at="2021-09-14T18:25:51Z">
          <reporter-output>
          </reporter-output>
        </test-method> <!-- ShoppingCartPageTestSetUp -->
        <test-method status="PASS" signature="verifyCheckOut()[pri:0, instance:com.qa.proj.tests.ShoppingCartPageTest@15975490]" name="verifyCheckOut" duration-ms="6747" started-at="2021-09-14T18:25:51Z" finished-at="2021-09-14T18:25:58Z">
          <reporter-output>
          </reporter-output>
        </test-method> <!-- verifyCheckOut -->
        <test-method status="PASS" signature="LogoutPageTestSetUp()[pri:0, instance:com.qa.proj.tests.ShoppingCartPageTest@15975490]" name="LogoutPageTestSetUp" is-config="true" duration-ms="1367" started-at="2021-09-14T18:25:58Z" finished-at="2021-09-14T18:25:59Z">
          <reporter-output>
          </reporter-output>
        </test-method> <!-- LogoutPageTestSetUp -->
        <test-method status="PASS" signature="TearDown()[pri:0, instance:com.qa.proj.tests.ShoppingCartPageTest@15975490]" name="TearDown" is-config="true" duration-ms="662" started-at="2021-09-14T18:25:59Z" finished-at="2021-09-14T18:26:00Z">
          <reporter-output>
          </reporter-output>
        </test-method> <!-- TearDown -->
      </class> <!-- com.qa.proj.tests.ShoppingCartPageTest -->
      <class name="com.qa.proj.tests.LoginPageTest">
        <test-method status="PASS" signature="SetUp()[pri:0, instance:com.qa.proj.tests.LoginPageTest@90f6bfd]" name="SetUp" is-config="true" duration-ms="2000" started-at="2021-09-14T18:26:07Z" finished-at="2021-09-14T18:26:09Z">
          <reporter-output>
          </reporter-output>
        </test-method> <!-- SetUp -->
        <test-method status="PASS" signature="LoginPageTestSetUp()[pri:0, instance:com.qa.proj.tests.LoginPageTest@90f6bfd]" name="LoginPageTestSetUp" is-config="true" duration-ms="1199" started-at="2021-09-14T18:26:09Z" finished-at="2021-09-14T18:26:11Z">
          <reporter-output>
          </reporter-output>
        </test-method> <!-- LoginPageTestSetUp -->
        <test-method status="PASS" signature="verifyLoginPageTiltleTest()[pri:2, instance:com.qa.proj.tests.LoginPageTest@90f6bfd]" name="verifyLoginPageTiltleTest" duration-ms="9" started-at="2021-09-14T18:26:11Z" finished-at="2021-09-14T18:26:11Z">
          <reporter-output>
          </reporter-output>
        </test-method> <!-- verifyLoginPageTiltleTest -->
        <test-method status="PASS" signature="LogoutPageTestSetUp()[pri:0, instance:com.qa.proj.tests.LoginPageTest@90f6bfd]" name="LogoutPageTestSetUp" is-config="true" duration-ms="1444" started-at="2021-09-14T18:26:11Z" finished-at="2021-09-14T18:26:12Z">
          <reporter-output>
          </reporter-output>
        </test-method> <!-- LogoutPageTestSetUp -->
        <test-method status="PASS" signature="LoginPageTestSetUp()[pri:0, instance:com.qa.proj.tests.LoginPageTest@90f6bfd]" name="LoginPageTestSetUp" is-config="true" duration-ms="1233" started-at="2021-09-14T18:26:12Z" finished-at="2021-09-14T18:26:13Z">
          <reporter-output>
          </reporter-output>
        </test-method> <!-- LoginPageTestSetUp -->
        <test-method status="PASS" signature="verifyDesktopMenu()[pri:3, instance:com.qa.proj.tests.LoginPageTest@90f6bfd]" name="verifyDesktopMenu" duration-ms="36" started-at="2021-09-14T18:26:13Z" finished-at="2021-09-14T18:26:13Z">
          <reporter-output>
          </reporter-output>
        </test-method> <!-- verifyDesktopMenu -->
        <test-method status="PASS" signature="LogoutPageTestSetUp()[pri:0, instance:com.qa.proj.tests.LoginPageTest@90f6bfd]" name="LogoutPageTestSetUp" is-config="true" duration-ms="1481" started-at="2021-09-14T18:26:13Z" finished-at="2021-09-14T18:26:15Z">
          <reporter-output>
          </reporter-output>
        </test-method> <!-- LogoutPageTestSetUp -->
        <test-method status="PASS" signature="TearDown()[pri:0, instance:com.qa.proj.tests.LoginPageTest@90f6bfd]" name="TearDown" is-config="true" duration-ms="615" started-at="2021-09-14T18:26:15Z" finished-at="2021-09-14T18:26:15Z">
          <reporter-output>
          </reporter-output>
        </test-method> <!-- TearDown -->
      </class> <!-- com.qa.proj.tests.LoginPageTest -->
      <class name="com.qa.proj.tests.ProductCategoryPageTest">
        <test-method status="PASS" signature="SetUp()[pri:0, instance:com.qa.proj.tests.ProductCategoryPageTest@47f6473]" name="SetUp" is-config="true" duration-ms="2033" started-at="2021-09-14T18:25:36Z" finished-at="2021-09-14T18:25:38Z">
          <reporter-output>
          </reporter-output>
        </test-method> <!-- SetUp -->
        <test-method status="PASS" signature="ProductCategoryPageTestSetUp()[pri:0, instance:com.qa.proj.tests.ProductCategoryPageTest@47f6473]" name="ProductCategoryPageTestSetUp" is-config="true" duration-ms="1141" started-at="2021-09-14T18:25:38Z" finished-at="2021-09-14T18:25:39Z">
          <reporter-output>
          </reporter-output>
        </test-method> <!-- ProductCategoryPageTestSetUp -->
        <test-method status="PASS" signature="verifylistofSortByDropdown()[pri:0, instance:com.qa.proj.tests.ProductCategoryPageTest@47f6473]" name="verifylistofSortByDropdown" duration-ms="6796" started-at="2021-09-14T18:25:39Z" finished-at="2021-09-14T18:25:46Z">
          <reporter-output>
          </reporter-output>
        </test-method> <!-- verifylistofSortByDropdown -->
        <test-method status="PASS" signature="LogoutPageTestSetUp()[pri:0, instance:com.qa.proj.tests.ProductCategoryPageTest@47f6473]" name="LogoutPageTestSetUp" is-config="true" duration-ms="1441" started-at="2021-09-14T18:25:46Z" finished-at="2021-09-14T18:25:47Z">
          <reporter-output>
          </reporter-output>
        </test-method> <!-- LogoutPageTestSetUp -->
        <test-method status="PASS" signature="TearDown()[pri:0, instance:com.qa.proj.tests.ProductCategoryPageTest@47f6473]" name="TearDown" is-config="true" duration-ms="674" started-at="2021-09-14T18:25:47Z" finished-at="2021-09-14T18:25:48Z">
          <reporter-output>
          </reporter-output>
        </test-method> <!-- TearDown -->
      </class> <!-- com.qa.proj.tests.ProductCategoryPageTest -->
    </test> <!-- Surefire test -->
  </suite> <!-- Surefire suite -->
</testng-results>
