<?xml version="1.0" encoding="UTF-8"?>
<testng-results skipped="0" failed="0" ignored="0" total="7" passed="7">
  <reporter-output>
  </reporter-output>
  <suite name="Default suite" duration-ms="55973" started-at="2021-09-15T18:36:48Z" finished-at="2021-09-15T18:37:44Z">
    <groups>
    </groups>
    <test name="Default test" duration-ms="55973" started-at="2021-09-15T18:36:48Z" finished-at="2021-09-15T18:37:44Z">
      <class name="com.qa.proj.tests.AccountsPageTest">
        <test-method status="PASS" signature="SetUp()[pri:0, instance:com.qa.proj.tests.AccountsPageTest@3a079870]" name="SetUp" is-config="true" duration-ms="4570" started-at="2021-09-15T18:36:48Z" finished-at="2021-09-15T18:36:53Z">
          <reporter-output>
          </reporter-output>
        </test-method> <!-- SetUp -->
        <test-method status="PASS" signature="AccountsPageTestSetUp()[pri:0, instance:com.qa.proj.tests.AccountsPageTest@3a079870]" name="AccountsPageTestSetUp" is-config="true" duration-ms="1399" started-at="2021-09-15T18:36:53Z" finished-at="2021-09-15T18:36:54Z">
          <reporter-output>
          </reporter-output>
        </test-method> <!-- AccountsPageTestSetUp -->
        <test-method status="PASS" signature="verifylistofSections()[pri:0, instance:com.qa.proj.tests.AccountsPageTest@3a079870]" name="verifylistofSections" duration-ms="134" started-at="2021-09-15T18:36:54Z" finished-at="2021-09-15T18:36:54Z">
          <reporter-output>
          </reporter-output>
        </test-method> <!-- verifylistofSections -->
        <test-method status="PASS" signature="LogoutPageTestSetUp()[pri:0, instance:com.qa.proj.tests.AccountsPageTest@3a079870]" name="LogoutPageTestSetUp" is-config="true" duration-ms="1884" started-at="2021-09-15T18:36:54Z" finished-at="2021-09-15T18:36:56Z">
          <reporter-output>
          </reporter-output>
        </test-method> <!-- LogoutPageTestSetUp -->
        <test-method status="PASS" signature="AccountsPageTestSetUp()[pri:0, instance:com.qa.proj.tests.AccountsPageTest@3a079870]" name="AccountsPageTestSetUp" is-config="true" duration-ms="1386" started-at="2021-09-15T18:37:25Z" finished-at="2021-09-15T18:37:26Z">
          <reporter-output>
          </reporter-output>
        </test-method> <!-- AccountsPageTestSetUp -->
        <test-method status="PASS" signature="verifylistofsubSections()[pri:1, instance:com.qa.proj.tests.AccountsPageTest@3a079870]" name="verifylistofsubSections" duration-ms="546" started-at="2021-09-15T18:37:26Z" finished-at="2021-09-15T18:37:27Z">
          <reporter-output>
          </reporter-output>
        </test-method> <!-- verifylistofsubSections -->
        <test-method status="PASS" signature="LogoutPageTestSetUp()[pri:0, instance:com.qa.proj.tests.AccountsPageTest@3a079870]" name="LogoutPageTestSetUp" is-config="true" duration-ms="2233" started-at="2021-09-15T18:37:27Z" finished-at="2021-09-15T18:37:29Z">
          <reporter-output>
          </reporter-output>
        </test-method> <!-- LogoutPageTestSetUp -->
        <test-method status="PASS" signature="AccountsPageTestSetUp()[pri:0, instance:com.qa.proj.tests.AccountsPageTest@3a079870]" name="AccountsPageTestSetUp" is-config="true" duration-ms="1311" started-at="2021-09-15T18:37:29Z" finished-at="2021-09-15T18:37:30Z">
          <reporter-output>
          </reporter-output>
        </test-method> <!-- AccountsPageTestSetUp -->
        <test-method status="PASS" signature="verifyNewsletterSubscription()[pri:2, instance:com.qa.proj.tests.AccountsPageTest@3a079870]" name="verifyNewsletterSubscription" duration-ms="1499" started-at="2021-09-15T18:37:30Z" finished-at="2021-09-15T18:37:32Z">
          <reporter-output>
          </reporter-output>
        </test-method> <!-- verifyNewsletterSubscription -->
        <test-method status="PASS" signature="LogoutPageTestSetUp()[pri:0, instance:com.qa.proj.tests.AccountsPageTest@3a079870]" name="LogoutPageTestSetUp" is-config="true" duration-ms="1697" started-at="2021-09-15T18:37:32Z" finished-at="2021-09-15T18:37:33Z">
          <reporter-output>
          </reporter-output>
        </test-method> <!-- LogoutPageTestSetUp -->
        <test-method status="PASS" signature="TearDown()[pri:0, instance:com.qa.proj.tests.AccountsPageTest@3a079870]" name="TearDown" is-config="true" duration-ms="638" started-at="2021-09-15T18:37:33Z" finished-at="2021-09-15T18:37:34Z">
          <reporter-output>
          </reporter-output>
        </test-method> <!-- TearDown -->
      </class> <!-- com.qa.proj.tests.AccountsPageTest -->
      <class name="com.qa.proj.tests.ShoppingCartPageTest">
        <test-method status="PASS" signature="SetUp()[pri:0, instance:com.qa.proj.tests.ShoppingCartPageTest@3b2cf7ab]" name="SetUp" is-config="true" duration-ms="3817" started-at="2021-09-15T18:36:56Z" finished-at="2021-09-15T18:37:00Z">
          <reporter-output>
          </reporter-output>
        </test-method> <!-- SetUp -->
        <test-method status="PASS" signature="ShoppingCartPageTestSetUp()[pri:0, instance:com.qa.proj.tests.ShoppingCartPageTest@3b2cf7ab]" name="ShoppingCartPageTestSetUp" is-config="true" duration-ms="1425" started-at="2021-09-15T18:37:00Z" finished-at="2021-09-15T18:37:01Z">
          <reporter-output>
          </reporter-output>
        </test-method> <!-- ShoppingCartPageTestSetUp -->
        <test-method status="PASS" signature="verifyCheckOut()[pri:0, instance:com.qa.proj.tests.ShoppingCartPageTest@3b2cf7ab]" name="verifyCheckOut" duration-ms="7459" started-at="2021-09-15T18:37:01Z" finished-at="2021-09-15T18:37:09Z">
          <reporter-output>
          </reporter-output>
        </test-method> <!-- verifyCheckOut -->
        <test-method status="FAIL" signature="LogoutPageTestSetUp()[pri:0, instance:com.qa.proj.tests.ShoppingCartPageTest@3b2cf7ab]" name="LogoutPageTestSetUp" is-config="true" duration-ms="1322" started-at="2021-09-15T18:37:09Z" finished-at="2021-09-15T18:37:10Z">
          <exception class="org.openqa.selenium.NoSuchElementException">
            <message>
              <![CDATA[no such element: Unable to locate element: {"method":"xpath","selector":"//li/a[text()='Login']"}
  (Session info: chrome=93.0.4577.82)
For documentation on this error, please visit: https://www.seleniumhq.org/exceptions/no_such_element.html
Build info: version: '3.141.59', revision: 'e82be7d358', time: '2018-11-14T08:17:03'
System info: host: 'LAPTOP-LCV9OEAB', ip: '192.168.0.21', os.name: 'Windows 10', os.arch: 'amd64', os.version: '10.0', java.version: '1.8.0_241'
Driver info: org.openqa.selenium.chrome.ChromeDriver
Capabilities {acceptInsecureCerts: false, browserName: chrome, browserVersion: 93.0.4577.82, chrome: {chromedriverVersion: 93.0.4577.63 (ff5c0da2ec0ad..., userDataDir: C:\Users\sheeba\AppData\Loc...}, goog:chromeOptions: {debuggerAddress: localhost:55523}, javascriptEnabled: true, networkConnectionEnabled: false, pageLoadStrategy: normal, platform: WINDOWS, platformName: WINDOWS, proxy: Proxy(), setWindowRect: true, strictFileInteractability: false, timeouts: {implicit: 0, pageLoad: 300000, script: 30000}, unhandledPromptBehavior: dismiss and notify, webauthn:extension:credBlob: true, webauthn:extension:largeBlob: true, webauthn:virtualAuthenticators: true}
Session ID: 87074d0a1a5626563db8f6e33f754046
*** Element info: {Using=xpath, value=//li/a[text()='Login']}]]>
            </message>
            <full-stacktrace>
              <![CDATA[org.openqa.selenium.NoSuchElementException: no such element: Unable to locate element: {"method":"xpath","selector":"//li/a[text()='Login']"}
  (Session info: chrome=93.0.4577.82)
For documentation on this error, please visit: https://www.seleniumhq.org/exceptions/no_such_element.html
Build info: version: '3.141.59', revision: 'e82be7d358', time: '2018-11-14T08:17:03'
System info: host: 'LAPTOP-LCV9OEAB', ip: '192.168.0.21', os.name: 'Windows 10', os.arch: 'amd64', os.version: '10.0', java.version: '1.8.0_241'
Driver info: org.openqa.selenium.chrome.ChromeDriver
Capabilities {acceptInsecureCerts: false, browserName: chrome, browserVersion: 93.0.4577.82, chrome: {chromedriverVersion: 93.0.4577.63 (ff5c0da2ec0ad..., userDataDir: C:\Users\sheeba\AppData\Loc...}, goog:chromeOptions: {debuggerAddress: localhost:55523}, javascriptEnabled: true, networkConnectionEnabled: false, pageLoadStrategy: normal, platform: WINDOWS, platformName: WINDOWS, proxy: Proxy(), setWindowRect: true, strictFileInteractability: false, timeouts: {implicit: 0, pageLoad: 300000, script: 30000}, unhandledPromptBehavior: dismiss and notify, webauthn:extension:credBlob: true, webauthn:extension:largeBlob: true, webauthn:virtualAuthenticators: true}
Session ID: 87074d0a1a5626563db8f6e33f754046
*** Element info: {Using=xpath, value=//li/a[text()='Login']}
at sun.reflect.NativeConstructorAccessorImpl.newInstance0(Native Method)
at sun.reflect.NativeConstructorAccessorImpl.newInstance(NativeConstructorAccessorImpl.java:62)
at sun.reflect.DelegatingConstructorAccessorImpl.newInstance(DelegatingConstructorAccessorImpl.java:45)
at java.lang.reflect.Constructor.newInstance(Constructor.java:423)
at org.openqa.selenium.remote.http.W3CHttpResponseCodec.createException(W3CHttpResponseCodec.java:187)
at org.openqa.selenium.remote.http.W3CHttpResponseCodec.decode(W3CHttpResponseCodec.java:122)
at org.openqa.selenium.remote.http.W3CHttpResponseCodec.decode(W3CHttpResponseCodec.java:49)
at org.openqa.selenium.remote.HttpCommandExecutor.execute(HttpCommandExecutor.java:158)
at org.openqa.selenium.remote.service.DriverCommandExecutor.execute(DriverCommandExecutor.java:83)
at org.openqa.selenium.remote.RemoteWebDriver.execute(RemoteWebDriver.java:552)
at org.openqa.selenium.remote.RemoteWebDriver.findElement(RemoteWebDriver.java:323)
at org.openqa.selenium.remote.RemoteWebDriver.findElementByXPath(RemoteWebDriver.java:428)
at org.openqa.selenium.By$ByXPath.findElement(By.java:353)
at org.openqa.selenium.remote.RemoteWebDriver.findElement(RemoteWebDriver.java:315)
at com.qa.proj.pages.LogoutPage.clickLoginLink(LogoutPage.java:26)
at com.qa.proj.tests.ShoppingCartPageTest.LogoutPageTestSetUp(ShoppingCartPageTest.java:37)
at sun.reflect.NativeMethodAccessorImpl.invoke0(Native Method)
at sun.reflect.NativeMethodAccessorImpl.invoke(NativeMethodAccessorImpl.java:62)
at sun.reflect.DelegatingMethodAccessorImpl.invoke(DelegatingMethodAccessorImpl.java:43)
at java.lang.reflect.Method.invoke(Method.java:498)
at org.testng.internal.MethodInvocationHelper.invokeMethod(MethodInvocationHelper.java:124)
at org.testng.internal.MethodInvocationHelper.invokeMethodConsideringTimeout(MethodInvocationHelper.java:59)
at org.testng.internal.Invoker.invokeConfigurationMethod(Invoker.java:458)
at org.testng.internal.Invoker.invokeConfigurations(Invoker.java:222)
at org.testng.internal.Invoker.invokeMethod(Invoker.java:646)
at org.testng.internal.Invoker.invokeTestMethod(Invoker.java:719)
at org.testng.internal.Invoker.invokeTestMethods(Invoker.java:989)
at org.testng.internal.TestMethodWorker.invokeTestMethods(TestMethodWorker.java:125)
at org.testng.internal.TestMethodWorker.run(TestMethodWorker.java:109)
at org.testng.TestRunner.privateRun(TestRunner.java:648)
at org.testng.TestRunner.run(TestRunner.java:505)
at org.testng.SuiteRunner.runTest(SuiteRunner.java:455)
at org.testng.SuiteRunner.runSequentially(SuiteRunner.java:450)
at org.testng.SuiteRunner.privateRun(SuiteRunner.java:415)
at org.testng.SuiteRunner.run(SuiteRunner.java:364)
at org.testng.SuiteRunnerWorker.runSuite(SuiteRunnerWorker.java:52)
at org.testng.SuiteRunnerWorker.run(SuiteRunnerWorker.java:84)
at org.testng.TestNG.runSuitesSequentially(TestNG.java:1208)
at org.testng.TestNG.runSuitesLocally(TestNG.java:1137)
at org.testng.TestNG.runSuites(TestNG.java:1049)
at org.testng.TestNG.run(TestNG.java:1017)
at org.testng.remote.AbstractRemoteTestNG.run(AbstractRemoteTestNG.java:115)
at org.testng.remote.RemoteTestNG.initAndRun(RemoteTestNG.java:251)
at org.testng.remote.RemoteTestNG.main(RemoteTestNG.java:77)
]]>
            </full-stacktrace>
          </exception> <!-- org.openqa.selenium.NoSuchElementException -->
          <reporter-output>
          </reporter-output>
        </test-method> <!-- LogoutPageTestSetUp -->
        <test-method status="SKIP" signature="TearDown()[pri:0, instance:com.qa.proj.tests.ShoppingCartPageTest@3b2cf7ab]" name="TearDown" is-config="true" duration-ms="0" started-at="2021-09-15T18:37:10Z" finished-at="2021-09-15T18:37:10Z">
          <reporter-output>
          </reporter-output>
        </test-method> <!-- TearDown -->
      </class> <!-- com.qa.proj.tests.ShoppingCartPageTest -->
      <class name="com.qa.proj.tests.LoginPageTest">
        <test-method status="PASS" signature="SetUp()[pri:0, instance:com.qa.proj.tests.LoginPageTest@5c1a8622]" name="SetUp" is-config="true" duration-ms="2971" started-at="2021-09-15T18:37:34Z" finished-at="2021-09-15T18:37:37Z">
          <reporter-output>
          </reporter-output>
        </test-method> <!-- SetUp -->
        <test-method status="PASS" signature="LoginPageTestSetUp()[pri:0, instance:com.qa.proj.tests.LoginPageTest@5c1a8622]" name="LoginPageTestSetUp" is-config="true" duration-ms="1525" started-at="2021-09-15T18:37:37Z" finished-at="2021-09-15T18:37:39Z">
          <reporter-output>
          </reporter-output>
        </test-method> <!-- LoginPageTestSetUp -->
        <test-method status="PASS" signature="verifyLoginPageTiltleTest()[pri:2, instance:com.qa.proj.tests.LoginPageTest@5c1a8622]" name="verifyLoginPageTiltleTest" duration-ms="10" started-at="2021-09-15T18:37:39Z" finished-at="2021-09-15T18:37:39Z">
          <reporter-output>
          </reporter-output>
        </test-method> <!-- verifyLoginPageTiltleTest -->
        <test-method status="PASS" signature="LogoutPageTestSetUp()[pri:0, instance:com.qa.proj.tests.LoginPageTest@5c1a8622]" name="LogoutPageTestSetUp" is-config="true" duration-ms="1772" started-at="2021-09-15T18:37:39Z" finished-at="2021-09-15T18:37:40Z">
          <reporter-output>
          </reporter-output>
        </test-method> <!-- LogoutPageTestSetUp -->
        <test-method status="PASS" signature="LoginPageTestSetUp()[pri:0, instance:com.qa.proj.tests.LoginPageTest@5c1a8622]" name="LoginPageTestSetUp" is-config="true" duration-ms="1543" started-at="2021-09-15T18:37:40Z" finished-at="2021-09-15T18:37:42Z">
          <reporter-output>
          </reporter-output>
        </test-method> <!-- LoginPageTestSetUp -->
        <test-method status="PASS" signature="verifyDesktopMenu()[pri:3, instance:com.qa.proj.tests.LoginPageTest@5c1a8622]" name="verifyDesktopMenu" duration-ms="29" started-at="2021-09-15T18:37:42Z" finished-at="2021-09-15T18:37:42Z">
          <reporter-output>
          </reporter-output>
        </test-method> <!-- verifyDesktopMenu -->
        <test-method status="PASS" signature="LogoutPageTestSetUp()[pri:0, instance:com.qa.proj.tests.LoginPageTest@5c1a8622]" name="LogoutPageTestSetUp" is-config="true" duration-ms="1592" started-at="2021-09-15T18:37:42Z" finished-at="2021-09-15T18:37:43Z">
          <reporter-output>
          </reporter-output>
        </test-method> <!-- LogoutPageTestSetUp -->
        <test-method status="PASS" signature="TearDown()[pri:0, instance:com.qa.proj.tests.LoginPageTest@5c1a8622]" name="TearDown" is-config="true" duration-ms="607" started-at="2021-09-15T18:37:43Z" finished-at="2021-09-15T18:37:44Z">
          <reporter-output>
          </reporter-output>
        </test-method> <!-- TearDown -->
      </class> <!-- com.qa.proj.tests.LoginPageTest -->
      <class name="com.qa.proj.tests.ProductCategoryPageTest">
        <test-method status="PASS" signature="SetUp()[pri:0, instance:com.qa.proj.tests.ProductCategoryPageTest@2aa5fe93]" name="SetUp" is-config="true" duration-ms="3377" started-at="2021-09-15T18:37:10Z" finished-at="2021-09-15T18:37:14Z">
          <reporter-output>
          </reporter-output>
        </test-method> <!-- SetUp -->
        <test-method status="PASS" signature="ProductCategoryPageTestSetUp()[pri:0, instance:com.qa.proj.tests.ProductCategoryPageTest@2aa5fe93]" name="ProductCategoryPageTestSetUp" is-config="true" duration-ms="1156" started-at="2021-09-15T18:37:14Z" finished-at="2021-09-15T18:37:15Z">
          <reporter-output>
          </reporter-output>
        </test-method> <!-- ProductCategoryPageTestSetUp -->
        <test-method status="PASS" signature="verifylistofSortByDropdown()[pri:0, instance:com.qa.proj.tests.ProductCategoryPageTest@2aa5fe93]" name="verifylistofSortByDropdown" duration-ms="7467" started-at="2021-09-15T18:37:15Z" finished-at="2021-09-15T18:37:22Z">
          <reporter-output>
          </reporter-output>
        </test-method> <!-- verifylistofSortByDropdown -->
        <test-method status="PASS" signature="LogoutPageTestSetUp()[pri:0, instance:com.qa.proj.tests.ProductCategoryPageTest@2aa5fe93]" name="LogoutPageTestSetUp" is-config="true" duration-ms="1908" started-at="2021-09-15T18:37:22Z" finished-at="2021-09-15T18:37:24Z">
          <reporter-output>
          </reporter-output>
        </test-method> <!-- LogoutPageTestSetUp -->
        <test-method status="PASS" signature="TearDown()[pri:0, instance:com.qa.proj.tests.ProductCategoryPageTest@2aa5fe93]" name="TearDown" is-config="true" duration-ms="657" started-at="2021-09-15T18:37:24Z" finished-at="2021-09-15T18:37:25Z">
          <reporter-output>
          </reporter-output>
        </test-method> <!-- TearDown -->
      </class> <!-- com.qa.proj.tests.ProductCategoryPageTest -->
    </test> <!-- Default test -->
  </suite> <!-- Default suite -->
</testng-results>
