<?xml version="1.0" encoding="UTF-8"?>
<testng-results skipped="0" failed="0" ignored="0" total="3" passed="3">
  <reporter-output>
  </reporter-output>
  <suite name="Failed suite [Default suite]" duration-ms="17176" started-at="2021-08-17T03:59:10Z" finished-at="2021-08-17T03:59:27Z">
    <groups>
    </groups>
    <test name="Default test(failed)" duration-ms="17176" started-at="2021-08-17T03:59:10Z" finished-at="2021-08-17T03:59:27Z">
      <class name="com.qa.proj.tests.AccountsPageTest">
        <test-method status="PASS" signature="SetUp()[pri:0, instance:com.qa.proj.tests.AccountsPageTest@604ed9f0]" name="SetUp" is-config="true" duration-ms="6368" started-at="2021-08-17T03:59:10Z" finished-at="2021-08-17T03:59:16Z">
          <reporter-output>
          </reporter-output>
        </test-method> <!-- SetUp -->
        <test-method status="PASS" signature="AccountsPageTestSetUp()[pri:0, instance:com.qa.proj.tests.AccountsPageTest@604ed9f0]" name="AccountsPageTestSetUp" is-config="true" duration-ms="1189" started-at="2021-08-17T03:59:16Z" finished-at="2021-08-17T03:59:17Z">
          <reporter-output>
          </reporter-output>
        </test-method> <!-- AccountsPageTestSetUp -->
        <test-method status="PASS" signature="verifylistofSections()[pri:0, instance:com.qa.proj.tests.AccountsPageTest@604ed9f0]" name="verifylistofSections" duration-ms="180" started-at="2021-08-17T03:59:17Z" finished-at="2021-08-17T03:59:18Z">
          <reporter-output>
          </reporter-output>
        </test-method> <!-- verifylistofSections -->
        <test-method status="PASS" signature="LogoutPageTestSetUp()[pri:0, instance:com.qa.proj.tests.AccountsPageTest@604ed9f0]" name="LogoutPageTestSetUp" is-config="true" duration-ms="1430" started-at="2021-08-17T03:59:18Z" finished-at="2021-08-17T03:59:19Z">
          <reporter-output>
          </reporter-output>
        </test-method> <!-- LogoutPageTestSetUp -->
        <test-method status="PASS" signature="AccountsPageTestSetUp()[pri:0, instance:com.qa.proj.tests.AccountsPageTest@604ed9f0]" name="AccountsPageTestSetUp" is-config="true" duration-ms="1186" started-at="2021-08-17T03:59:19Z" finished-at="2021-08-17T03:59:20Z">
          <reporter-output>
          </reporter-output>
        </test-method> <!-- AccountsPageTestSetUp -->
        <test-method status="PASS" signature="verifylistofsubSections()[pri:1, instance:com.qa.proj.tests.AccountsPageTest@604ed9f0]" name="verifylistofsubSections" duration-ms="497" started-at="2021-08-17T03:59:20Z" finished-at="2021-08-17T03:59:21Z">
          <reporter-output>
          </reporter-output>
        </test-method> <!-- verifylistofsubSections -->
        <test-method status="PASS" signature="LogoutPageTestSetUp()[pri:0, instance:com.qa.proj.tests.AccountsPageTest@604ed9f0]" name="LogoutPageTestSetUp" is-config="true" duration-ms="1546" started-at="2021-08-17T03:59:21Z" finished-at="2021-08-17T03:59:22Z">
          <reporter-output>
          </reporter-output>
        </test-method> <!-- LogoutPageTestSetUp -->
        <test-method status="PASS" signature="AccountsPageTestSetUp()[pri:0, instance:com.qa.proj.tests.AccountsPageTest@604ed9f0]" name="AccountsPageTestSetUp" is-config="true" duration-ms="1403" started-at="2021-08-17T03:59:22Z" finished-at="2021-08-17T03:59:24Z">
          <reporter-output>
          </reporter-output>
        </test-method> <!-- AccountsPageTestSetUp -->
        <test-method status="PASS" signature="verifyNewsletterSubscription()[pri:2, instance:com.qa.proj.tests.AccountsPageTest@604ed9f0]" name="verifyNewsletterSubscription" duration-ms="1272" started-at="2021-08-17T03:59:24Z" finished-at="2021-08-17T03:59:25Z">
          <reporter-output>
          </reporter-output>
        </test-method> <!-- verifyNewsletterSubscription -->
        <test-method status="PASS" signature="LogoutPageTestSetUp()[pri:0, instance:com.qa.proj.tests.AccountsPageTest@604ed9f0]" name="LogoutPageTestSetUp" is-config="true" duration-ms="1451" started-at="2021-08-17T03:59:25Z" finished-at="2021-08-17T03:59:26Z">
          <reporter-output>
          </reporter-output>
        </test-method> <!-- LogoutPageTestSetUp -->
        <test-method status="PASS" signature="TearDown()[pri:0, instance:com.qa.proj.tests.AccountsPageTest@604ed9f0]" name="TearDown" is-config="true" duration-ms="626" started-at="2021-08-17T03:59:26Z" finished-at="2021-08-17T03:59:27Z">
          <reporter-output>
          </reporter-output>
        </test-method> <!-- TearDown -->
      </class> <!-- com.qa.proj.tests.AccountsPageTest -->
    </test> <!-- Default test(failed) -->
  </suite> <!-- Failed suite [Default suite] -->
</testng-results>
