<?xml version="1.0" encoding="UTF-8"?>
<!-- Generated by org.testng.reporters.JUnitXMLReporter -->
<testsuite hostname="LAPTOP-LCV9OEAB" ignored="0" name="Accounts Page Test" tests="3" failures="0" timestamp="16 Aug 2021 02:48:42 GMT" time="17.077" errors="0">
  <testcase name="verifylistofSections" time="0.462" classname="com.qa.proj.tests.AccountsPageTest"/>
  <testcase name="verifylistofsubSections" time="0.524" classname="com.qa.proj.tests.AccountsPageTest"/>
  <testcase name="verifyNewsletterSubscription" time="1.515" classname="com.qa.proj.tests.AccountsPageTest"/>
</testsuite> <!-- Accounts Page Test -->
