<?xml version="1.0" encoding="UTF-8"?>
<!-- Generated by org.testng.reporters.JUnitXMLReporter -->
<testsuite hostname="LAPTOP-LCV9OEAB" ignored="0" name="Accounts Page Test" tests="3" failures="0" timestamp="22 Aug 2021 22:06:49 GMT" time="16.379" errors="0">
  <testcase name="verifylistofSections" time="0.291" classname="com.qa.proj.tests.AccountsPageTest"/>
  <testcase name="verifylistofsubSections" time="0.496" classname="com.qa.proj.tests.AccountsPageTest"/>
  <testcase name="verifyNewsletterSubscription" time="1.197" classname="com.qa.proj.tests.AccountsPageTest"/>
</testsuite> <!-- Accounts Page Test -->
