<?xml version="1.0" encoding="UTF-8"?>
<!-- Generated by org.testng.reporters.JUnitXMLReporter -->
<testsuite hostname="LAPTOP-LCV9OEAB" ignored="1" name="LoginPage Test(failed)" tests="1" failures="0" timestamp="21 Jul 2021 19:19:56 GMT" time="6.387" errors="0">
  <testcase name="verifyMenuDesktop" time="0.058" classname="com.qa.proj.tests.LoginPageTest"/>
  <testcase name="verifyLoginPageTiltleTest" time="0.0" classname="com.qa.proj.tests.LoginPageTest">
    <ignored/>
  </testcase> <!-- verifyLoginPageTiltleTest -->
</testsuite> <!-- LoginPage Test(failed) -->
